<?xml version="1.0" encoding="UTF-8"?>
<testsuite xmlns:xsi="http://www.w3.org/2001/XMLSchema-instance" xsi:noNamespaceSchemaLocation="https://maven.apache.org/surefire/maven-surefire-plugin/xsd/surefire-test-report.xsd" name="com.persistence.entities.repository.UserRepositoryTests" time="6.938" tests="4" errors="0" skipped="0" failures="0">
  <properties>
[...]
</properties>
  <testcase name="testCountStoreData" classname="com.persistence.entities.repository.UserRepositoryTests" time="0.484"/>
  <testcase name="testFindByEmail" classname="com.persistence.entities.repository.UserRepositoryTests" time="0.329"/>
  <testcase name="testFindByApellido" classname="com.persistence.entities.repository.UserRepositoryTests" time="0.387"/>
  <testcase name="testDuplicatedUserData" classname="com.persistence.entities.repository.UserRepositoryTests" time="0.405"/>
</testsuite>